2021-10-14 11:15:44,180 INFO Starting Nacos v1.4.1 on LAPTOP-BL2JQ2US with PID 40272 (D:\Study\GradeFour\CollegeFourLeaningNotes\WebDev\Projects\cloud-demo\resource\nacos-server-1.4.1\nacos\target\nacos-server.jar started by 14251 in D:\Study\GradeFour\CollegeFourLeaningNotes\WebDev\Projects\cloud-demo\resource\nacos-server-1.4.1\nacos\bin)

2021-10-14 11:15:44,180 INFO The following profiles are active: standalone

2021-10-14 11:15:51,936 INFO Bean 'org.springframework.security.access.expression.method.DefaultMethodSecurityExpressionHandler@13d4992d' of type [org.springframework.security.access.expression.method.DefaultMethodSecurityExpressionHandler] is not eligible for getting processed by all BeanPostProcessors (for example: not eligible for auto-proxying)

2021-10-14 11:15:51,941 INFO Bean 'methodSecurityMetadataSource' of type [org.springframework.security.access.method.DelegatingMethodSecurityMetadataSource] is not eligible for getting processed by all BeanPostProcessors (for example: not eligible for auto-proxying)

2021-10-14 11:15:52,855 INFO Tomcat initialized with port(s): 8848 (http)

2021-10-14 11:15:52,889 INFO Starting service [Tomcat]

2021-10-14 11:15:52,889 INFO Starting Servlet engine: [Apache Tomcat/9.0.38]

2021-10-14 11:15:53,313 INFO At least one JAR was scanned for TLDs yet contained no TLDs. Enable debug logging for this logger for a complete list of JARs that were scanned but no TLDs were found in them. Skipping unneeded JARs during scanning can improve startup time and JSP compilation time.

2021-10-14 11:15:53,352 INFO Initializing Spring embedded WebApplicationContext

2021-10-14 11:15:53,352 INFO Root WebApplicationContext: initialization completed in 9049 ms

2021-10-14 11:15:54,511 INFO HikariPool-1 - Starting...

2021-10-14 11:15:54,513 WARN Registered driver with driverClassName=org.apache.derby.jdbc.EmbeddedDriver was not found, trying direct instantiation.

2021-10-14 11:15:55,493 INFO HikariPool-1 - Driver does not support get/set network timeout for connections. (Feature not implemented: No details.)

2021-10-14 11:15:55,503 INFO HikariPool-1 - Start completed.

2021-10-14 11:15:57,001 INFO Nacos-related cluster resource initialization

2021-10-14 11:15:57,011 INFO The cluster resource is initialized

2021-10-14 11:15:57,554 INFO Reflections took 59 ms to scan 1 urls, producing 4 keys and 6 values 

2021-10-14 11:15:57,586 INFO Reflections took 5 ms to scan 1 urls, producing 6 keys and 26 values 

2021-10-14 11:15:57,606 INFO Reflections took 4 ms to scan 1 urls, producing 3 keys and 15 values 

2021-10-14 11:15:57,623 INFO Reflections took 0 ms to scan 1 urls, producing 2 keys and 12 values 

2021-10-14 11:15:58,853 INFO Initializing ExecutorService 'applicationTaskExecutor'

2021-10-14 11:15:59,005 INFO Adding welcome page: class path resource [static/index.html]

2021-10-14 11:15:59,809 INFO Creating filter chain: Ant [pattern='/**'], []

2021-10-14 11:15:59,865 INFO Creating filter chain: any request, [org.springframework.security.web.context.request.async.WebAsyncManagerIntegrationFilter@52eacb4b, org.springframework.security.web.context.SecurityContextPersistenceFilter@3113a37, org.springframework.security.web.header.HeaderWriterFilter@6c451c9c, org.springframework.security.web.csrf.CsrfFilter@38875e7d, org.springframework.security.web.authentication.logout.LogoutFilter@7db0565c, org.springframework.security.web.savedrequest.RequestCacheAwareFilter@4e9658b5, org.springframework.security.web.servletapi.SecurityContextHolderAwareRequestFilter@70eecdc2, org.springframework.security.web.authentication.AnonymousAuthenticationFilter@5528a42c, org.springframework.security.web.session.SessionManagementFilter@372b0d86, org.springframework.security.web.access.ExceptionTranslationFilter@d816dde]

2021-10-14 11:16:00,057 INFO Initializing ExecutorService 'taskScheduler'

2021-10-14 11:16:00,075 INFO Exposing 2 endpoint(s) beneath base path '/actuator'

2021-10-14 11:16:00,217 INFO Tomcat started on port(s): 8848 (http) with context path '/nacos'

2021-10-14 11:16:00,220 INFO Started Nacos in 18.139 seconds (JVM running for 18.987)

2021-10-14 11:16:00,221 INFO Nacos started successfully in stand alone mode. use embedded storage

2021-10-14 11:16:39,744 INFO Initializing Spring DispatcherServlet 'dispatcherServlet'

2021-10-14 11:16:39,744 INFO Initializing Servlet 'dispatcherServlet'

2021-10-14 11:16:39,754 INFO Completed initialization in 10 ms

2021-10-14 11:25:57,850 INFO [capacityManagement] start correct usage

2021-10-14 11:25:57,880 INFO [capacityManagement] end correct usage, cost: 0s

2021-10-14 11:25:58,159 WARN clearConfigHistory start

2021-10-14 11:35:57,881 INFO [capacityManagement] start correct usage

2021-10-14 11:35:57,882 INFO [capacityManagement] end correct usage, cost: 0s

2021-10-14 11:35:58,179 WARN clearConfigHistory start

2021-10-14 11:45:57,884 INFO [capacityManagement] start correct usage

2021-10-14 11:45:57,885 INFO [capacityManagement] end correct usage, cost: 0s

2021-10-14 11:45:58,195 WARN clearConfigHistory start

2021-10-14 11:55:57,889 INFO [capacityManagement] start correct usage

2021-10-14 11:55:57,890 INFO [capacityManagement] end correct usage, cost: 0s

2021-10-14 11:55:58,200 WARN clearConfigHistory start

2021-10-14 12:05:57,902 INFO [capacityManagement] start correct usage

2021-10-14 12:05:57,902 INFO [capacityManagement] end correct usage, cost: 0s

2021-10-14 12:05:58,212 WARN clearConfigHistory start

2021-10-14 12:15:57,908 INFO [capacityManagement] start correct usage

2021-10-14 12:15:57,909 INFO [capacityManagement] end correct usage, cost: 0s

2021-10-14 12:15:58,216 WARN clearConfigHistory start

2021-10-14 12:25:57,919 INFO [capacityManagement] start correct usage

2021-10-14 12:25:57,920 INFO [capacityManagement] end correct usage, cost: 0s

2021-10-14 12:25:58,229 WARN clearConfigHistory start

2021-10-14 12:35:57,935 INFO [capacityManagement] start correct usage

2021-10-14 12:35:57,935 INFO [capacityManagement] end correct usage, cost: 0s

2021-10-14 12:35:58,243 WARN clearConfigHistory start

2021-10-14 12:45:57,947 INFO [capacityManagement] start correct usage

2021-10-14 12:45:57,947 INFO [capacityManagement] end correct usage, cost: 0s

2021-10-14 12:45:58,258 WARN clearConfigHistory start

2021-10-14 12:55:57,959 INFO [capacityManagement] start correct usage

2021-10-14 12:55:57,959 INFO [capacityManagement] end correct usage, cost: 0s

2021-10-14 12:55:58,269 WARN clearConfigHistory start

2021-10-14 13:05:57,970 INFO [capacityManagement] start correct usage

2021-10-14 13:05:57,971 INFO [capacityManagement] end correct usage, cost: 0s

2021-10-14 13:05:58,279 WARN clearConfigHistory start

2021-10-14 13:15:57,976 INFO [capacityManagement] start correct usage

2021-10-14 13:15:57,977 INFO [capacityManagement] end correct usage, cost: 0s

2021-10-14 13:15:58,282 WARN clearConfigHistory start

2021-10-14 13:25:57,978 INFO [capacityManagement] start correct usage

2021-10-14 13:25:57,979 INFO [capacityManagement] end correct usage, cost: 0s

2021-10-14 13:25:58,289 WARN clearConfigHistory start

2021-10-14 13:35:57,980 INFO [capacityManagement] start correct usage

2021-10-14 13:35:57,980 INFO [capacityManagement] end correct usage, cost: 0s

2021-10-14 13:35:58,293 WARN clearConfigHistory start

2021-10-14 13:45:57,986 INFO [capacityManagement] start correct usage

2021-10-14 13:45:57,986 INFO [capacityManagement] end correct usage, cost: 0s

2021-10-14 13:45:58,296 WARN clearConfigHistory start

2021-10-14 13:55:52,889 WARN [HttpClientBeanHolder] Start destroying common HttpClient

2021-10-14 13:55:52,889 WARN [ConfigServer-HttpClientManager] Start destroying NacosRestTemplate

2021-10-14 13:55:52,889 WARN [WatchFileCenter] start close

2021-10-14 13:55:52,889 WARN [ThreadPoolManager] Start destroying ThreadPool

2021-10-14 13:55:52,889 WARN [WatchFileCenter] start to shutdown this watcher which is watch : D:\Study\GradeFour\CollegeFourLeaningNotes\WebDev\Projects\cloud-demo\resource\nacos-server-1.4.1\nacos\conf

2021-10-14 13:55:52,889 WARN [WatchFileCenter] already closed

2021-10-14 13:55:52,897 WARN [ConfigServer-HttpClientManager] Destruction of the end

2021-10-14 13:55:52,897 WARN [NotifyCenter] Start destroying Publisher

2021-10-14 13:55:52,897 WARN [NotifyCenter] Destruction of the end

2021-10-14 13:55:52,898 WARN [HttpClientBeanHolder] Destruction of the end

2021-10-14 13:55:52,907 INFO Shutting down ExecutorService 'taskScheduler'

2021-10-14 13:55:52,919 INFO Shutting down ExecutorService 'applicationTaskExecutor'

2021-10-14 13:55:58,001 INFO [capacityManagement] start correct usage

2021-10-14 13:55:58,002 INFO [capacityManagement] end correct usage, cost: 0s

2021-10-14 13:55:58,298 WARN clearConfigHistory start

2021-10-14 13:56:08,605 WARN [ThreadPoolManager] Destruction of the end

2021-10-14 19:36:20,286 INFO Starting Nacos v1.4.1 on LAPTOP-BL2JQ2US with PID 46564 (D:\Study\GradeFour\CollegeFourLeaningNotes\WebDev\Projects\cloud-demo\resource\nacos-server-1.4.1\nacos\target\nacos-server.jar started by 14251 in D:\Study\GradeFour\CollegeFourLeaningNotes\WebDev\Projects\cloud-demo\resource\nacos-server-1.4.1\nacos\bin)

2021-10-14 19:36:20,288 INFO The following profiles are active: standalone

2021-10-14 19:36:30,022 INFO Bean 'org.springframework.security.access.expression.method.DefaultMethodSecurityExpressionHandler@332729ad' of type [org.springframework.security.access.expression.method.DefaultMethodSecurityExpressionHandler] is not eligible for getting processed by all BeanPostProcessors (for example: not eligible for auto-proxying)

2021-10-14 19:36:30,040 INFO Bean 'methodSecurityMetadataSource' of type [org.springframework.security.access.method.DelegatingMethodSecurityMetadataSource] is not eligible for getting processed by all BeanPostProcessors (for example: not eligible for auto-proxying)

2021-10-14 19:36:31,311 INFO Tomcat initialized with port(s): 8848 (http)

2021-10-14 19:36:31,364 INFO Starting service [Tomcat]

2021-10-14 19:36:31,365 INFO Starting Servlet engine: [Apache Tomcat/9.0.38]

2021-10-14 19:36:31,919 INFO At least one JAR was scanned for TLDs yet contained no TLDs. Enable debug logging for this logger for a complete list of JARs that were scanned but no TLDs were found in them. Skipping unneeded JARs during scanning can improve startup time and JSP compilation time.

2021-10-14 19:36:31,964 INFO Initializing Spring embedded WebApplicationContext

2021-10-14 19:36:31,964 INFO Root WebApplicationContext: initialization completed in 11521 ms

2021-10-14 19:36:33,397 INFO HikariPool-1 - Starting...

2021-10-14 19:36:33,400 WARN Registered driver with driverClassName=org.apache.derby.jdbc.EmbeddedDriver was not found, trying direct instantiation.

2021-10-14 19:36:34,251 INFO HikariPool-1 - Driver does not support get/set network timeout for connections. (Feature not implemented: No details.)

2021-10-14 19:36:34,261 INFO HikariPool-1 - Start completed.

2021-10-14 19:36:36,215 INFO Nacos-related cluster resource initialization

2021-10-14 19:36:36,230 INFO The cluster resource is initialized

2021-10-14 19:36:37,007 INFO Reflections took 93 ms to scan 1 urls, producing 4 keys and 6 values 

2021-10-14 19:36:37,057 INFO Reflections took 6 ms to scan 1 urls, producing 6 keys and 26 values 

2021-10-14 19:36:37,081 INFO Reflections took 3 ms to scan 1 urls, producing 3 keys and 15 values 

2021-10-14 19:36:37,107 INFO Reflections took 1 ms to scan 1 urls, producing 2 keys and 12 values 

2021-10-14 19:36:38,767 INFO Initializing ExecutorService 'applicationTaskExecutor'

2021-10-14 19:36:38,988 INFO Adding welcome page: class path resource [static/index.html]

2021-10-14 19:36:40,068 INFO Creating filter chain: Ant [pattern='/**'], []

2021-10-14 19:36:40,149 INFO Creating filter chain: any request, [org.springframework.security.web.context.request.async.WebAsyncManagerIntegrationFilter@aec50a1, org.springframework.security.web.context.SecurityContextPersistenceFilter@41200e0c, org.springframework.security.web.header.HeaderWriterFilter@2970a5bc, org.springframework.security.web.csrf.CsrfFilter@2b5cb9b2, org.springframework.security.web.authentication.logout.LogoutFilter@24be2d9c, org.springframework.security.web.savedrequest.RequestCacheAwareFilter@4fbdc0f0, org.springframework.security.web.servletapi.SecurityContextHolderAwareRequestFilter@324c64cd, org.springframework.security.web.authentication.AnonymousAuthenticationFilter@2555fff0, org.springframework.security.web.session.SessionManagementFilter@72efb5c1, org.springframework.security.web.access.ExceptionTranslationFilter@ecf9049]

2021-10-14 19:36:40,430 INFO Initializing ExecutorService 'taskScheduler'

2021-10-14 19:36:40,461 INFO Exposing 2 endpoint(s) beneath base path '/actuator'

2021-10-14 19:36:40,670 INFO Tomcat started on port(s): 8848 (http) with context path '/nacos'

2021-10-14 19:36:40,678 INFO Started Nacos in 23.124 seconds (JVM running for 24.246)

2021-10-14 19:36:40,679 INFO Nacos started successfully in stand alone mode. use embedded storage

2021-10-14 19:37:30,239 INFO Initializing Spring DispatcherServlet 'dispatcherServlet'

2021-10-14 19:37:30,241 INFO Initializing Servlet 'dispatcherServlet'

2021-10-14 19:37:30,282 INFO Completed initialization in 41 ms

2021-10-14 19:46:37,411 INFO [capacityManagement] start correct usage

2021-10-14 19:46:37,427 INFO [capacityManagement] end correct usage, cost: 0s

2021-10-14 19:46:37,872 WARN clearConfigHistory start

2021-10-14 19:56:37,436 INFO [capacityManagement] start correct usage

2021-10-14 19:56:37,437 INFO [capacityManagement] end correct usage, cost: 0s

2021-10-14 19:56:37,886 WARN clearConfigHistory start

2021-10-14 20:06:37,445 INFO [capacityManagement] start correct usage

2021-10-14 20:06:37,445 INFO [capacityManagement] end correct usage, cost: 0s

2021-10-14 20:06:37,900 WARN clearConfigHistory start

2021-10-14 20:16:37,458 INFO [capacityManagement] start correct usage

2021-10-14 20:16:37,458 INFO [capacityManagement] end correct usage, cost: 0s

2021-10-14 20:16:37,906 WARN clearConfigHistory start

2021-10-14 20:26:37,460 INFO [capacityManagement] start correct usage

2021-10-14 20:26:37,461 INFO [capacityManagement] end correct usage, cost: 0s

2021-10-14 20:26:37,911 WARN clearConfigHistory start

2021-10-14 20:36:37,470 INFO [capacityManagement] start correct usage

2021-10-14 20:36:37,471 INFO [capacityManagement] end correct usage, cost: 0s

2021-10-14 20:36:37,916 WARN clearConfigHistory start

2021-10-14 20:46:37,486 INFO [capacityManagement] start correct usage

2021-10-14 20:46:37,487 INFO [capacityManagement] end correct usage, cost: 0s

2021-10-14 20:46:37,932 WARN clearConfigHistory start

2021-10-14 20:56:37,498 INFO [capacityManagement] start correct usage

2021-10-14 20:56:37,501 INFO [capacityManagement] end correct usage, cost: 0s

2021-10-14 20:56:37,933 WARN clearConfigHistory start

2021-10-14 21:06:37,516 INFO [capacityManagement] start correct usage

2021-10-14 21:06:37,517 INFO [capacityManagement] end correct usage, cost: 0s

2021-10-14 21:06:37,945 WARN clearConfigHistory start

2021-10-14 21:16:37,519 INFO [capacityManagement] start correct usage

2021-10-14 21:16:37,520 INFO [capacityManagement] end correct usage, cost: 0s

2021-10-14 21:16:37,950 WARN clearConfigHistory start

2021-10-14 21:26:37,528 INFO [capacityManagement] start correct usage

2021-10-14 21:26:37,528 INFO [capacityManagement] end correct usage, cost: 0s

2021-10-14 21:26:37,964 WARN clearConfigHistory start

2021-10-14 21:36:37,533 INFO [capacityManagement] start correct usage

2021-10-14 21:36:37,535 INFO [capacityManagement] end correct usage, cost: 0s

2021-10-14 21:36:37,967 WARN clearConfigHistory start

2021-10-14 21:46:37,539 INFO [capacityManagement] start correct usage

2021-10-14 21:46:37,540 INFO [capacityManagement] end correct usage, cost: 0s

2021-10-14 21:46:37,973 WARN clearConfigHistory start

2021-10-14 21:56:37,547 INFO [capacityManagement] start correct usage

2021-10-14 21:56:37,548 INFO [capacityManagement] end correct usage, cost: 0s

2021-10-14 21:56:37,981 WARN clearConfigHistory start

2021-10-14 22:06:37,555 INFO [capacityManagement] start correct usage

2021-10-14 22:06:37,556 INFO [capacityManagement] end correct usage, cost: 0s

2021-10-14 22:06:37,989 WARN clearConfigHistory start

2021-10-14 22:16:37,556 INFO [capacityManagement] start correct usage

2021-10-14 22:16:37,558 INFO [capacityManagement] end correct usage, cost: 0s

2021-10-14 22:16:37,994 WARN clearConfigHistory start

2021-10-14 22:26:37,559 INFO [capacityManagement] start correct usage

2021-10-14 22:26:37,559 INFO [capacityManagement] end correct usage, cost: 0s

2021-10-14 22:26:38,009 WARN clearConfigHistory start

2021-10-14 22:34:36,828 WARN [HttpClientBeanHolder] Start destroying common HttpClient

2021-10-14 22:34:36,828 WARN [NotifyCenter] Start destroying Publisher

2021-10-14 22:34:36,829 WARN [ThreadPoolManager] Start destroying ThreadPool

2021-10-14 22:34:36,829 WARN [NotifyCenter] Destruction of the end

2021-10-14 22:34:36,830 WARN [ConfigServer-HttpClientManager] Start destroying NacosRestTemplate

2021-10-14 22:34:36,833 WARN [HttpClientBeanHolder] Destruction of the end

2021-10-14 22:34:36,833 WARN [WatchFileCenter] start close

2021-10-14 22:34:36,833 WARN [ConfigServer-HttpClientManager] Destruction of the end

2021-10-14 22:34:36,833 WARN [WatchFileCenter] start to shutdown this watcher which is watch : D:\Study\GradeFour\CollegeFourLeaningNotes\WebDev\Projects\cloud-demo\resource\nacos-server-1.4.1\nacos\conf

2021-10-14 22:34:36,834 WARN [WatchFileCenter] already closed

2021-10-14 22:34:36,849 INFO Shutting down ExecutorService 'taskScheduler'

2021-10-14 22:34:36,852 INFO Shutting down ExecutorService 'applicationTaskExecutor'

2021-10-14 22:34:53,362 WARN [ThreadPoolManager] Destruction of the end

