2021-10-14 11:16:28,181 INFO PERFORMANCE:|0|0|-1|-1

2021-10-14 11:21:28,191 INFO PERFORMANCE:|2|3|-1|-1

2021-10-14 11:26:28,205 INFO PERFORMANCE:|2|0|-1|-1

2021-10-14 11:31:28,212 INFO PERFORMANCE:|0|0|-1|-1

2021-10-14 11:36:28,215 INFO PERFORMANCE:|0|0|-1|-1

2021-10-14 11:41:28,230 INFO PERFORMANCE:|0|0|-1|-1

2021-10-14 11:46:28,235 INFO PERFORMANCE:|0|0|-1|-1

2021-10-14 11:51:28,242 INFO PERFORMANCE:|0|0|-1|-1

2021-10-14 11:56:28,253 INFO PERFORMANCE:|0|0|-1|-1

2021-10-14 12:01:28,260 INFO PERFORMANCE:|0|0|-1|-1

2021-10-14 12:06:28,273 INFO PERFORMANCE:|0|0|-1|-1

2021-10-14 12:11:28,285 INFO PERFORMANCE:|0|0|-1|-1

2021-10-14 12:16:28,292 INFO PERFORMANCE:|0|0|-1|-1

2021-10-14 12:21:28,296 INFO PERFORMANCE:|0|0|-1|-1

2021-10-14 12:26:28,305 INFO PERFORMANCE:|0|0|-1|-1

2021-10-14 12:31:28,313 INFO PERFORMANCE:|0|0|-1|-1

2021-10-14 12:36:28,322 INFO PERFORMANCE:|0|0|-1|-1

2021-10-14 12:41:28,333 INFO PERFORMANCE:|0|0|-1|-1

2021-10-14 12:46:28,347 INFO PERFORMANCE:|0|0|-1|-1

2021-10-14 12:51:28,359 INFO PERFORMANCE:|0|0|-1|-1

2021-10-14 12:56:28,363 INFO PERFORMANCE:|0|0|-1|-1

2021-10-14 13:01:28,374 INFO PERFORMANCE:|0|0|-1|-1

2021-10-14 13:06:28,388 INFO PERFORMANCE:|0|0|-1|-1

2021-10-14 13:11:28,391 INFO PERFORMANCE:|0|0|-1|-1

2021-10-14 13:16:28,401 INFO PERFORMANCE:|0|0|-1|-1

2021-10-14 13:21:28,411 INFO PERFORMANCE:|0|0|-1|-1

2021-10-14 13:26:28,415 INFO PERFORMANCE:|0|0|-1|-1

2021-10-14 13:31:28,418 INFO PERFORMANCE:|0|0|-1|-1

2021-10-14 13:36:28,426 INFO PERFORMANCE:|0|0|-1|-1

2021-10-14 13:41:28,435 INFO PERFORMANCE:|0|0|-1|-1

2021-10-14 13:46:28,437 INFO PERFORMANCE:|0|0|-1|-1

2021-10-14 13:51:28,446 INFO PERFORMANCE:|0|0|-1|-1

2021-10-14 19:37:07,885 INFO PERFORMANCE:|0|0|-1|-1

2021-10-14 19:42:07,889 INFO PERFORMANCE:|0|0|-1|-1

2021-10-14 19:47:07,891 INFO PERFORMANCE:|0|0|-1|-1

2021-10-14 19:52:07,894 INFO PERFORMANCE:|0|0|-1|-1

2021-10-14 19:57:07,903 INFO PERFORMANCE:|0|0|-1|-1

2021-10-14 20:02:07,912 INFO PERFORMANCE:|1|1|-1|-1

2021-10-14 20:07:07,913 INFO PERFORMANCE:|1|1|-1|-1

2021-10-14 20:12:07,924 INFO PERFORMANCE:|1|1|-1|-1

2021-10-14 20:17:07,929 INFO PERFORMANCE:|1|1|-1|-1

2021-10-14 20:22:07,936 INFO PERFORMANCE:|1|1|-1|-1

2021-10-14 20:27:07,943 INFO PERFORMANCE:|1|1|-1|-1

2021-10-14 20:32:07,950 INFO PERFORMANCE:|1|1|-1|-1

2021-10-14 20:37:07,961 INFO PERFORMANCE:|1|1|-1|-1

2021-10-14 20:42:07,974 INFO PERFORMANCE:|1|1|-1|-1

2021-10-14 20:47:07,977 INFO PERFORMANCE:|1|1|-1|-1

2021-10-14 20:52:07,981 INFO PERFORMANCE:|1|1|-1|-1

2021-10-14 20:57:07,993 INFO PERFORMANCE:|1|1|-1|-1

2021-10-14 21:02:08,008 INFO PERFORMANCE:|1|1|-1|-1

2021-10-14 21:07:08,020 INFO PERFORMANCE:|1|1|-1|-1

2021-10-14 21:12:08,035 INFO PERFORMANCE:|1|1|-1|-1

2021-10-14 21:17:08,048 INFO PERFORMANCE:|1|1|-1|-1

2021-10-14 21:22:08,055 INFO PERFORMANCE:|1|1|-1|-1

2021-10-14 21:27:08,069 INFO PERFORMANCE:|1|1|-1|-1

2021-10-14 21:32:08,080 INFO PERFORMANCE:|1|1|-1|-1

2021-10-14 21:37:08,094 INFO PERFORMANCE:|1|1|-1|-1

2021-10-14 21:42:08,094 INFO PERFORMANCE:|1|1|-1|-1

2021-10-14 21:47:08,096 INFO PERFORMANCE:|1|1|-1|-1

2021-10-14 21:52:08,105 INFO PERFORMANCE:|1|1|-1|-1

2021-10-14 21:57:08,109 INFO PERFORMANCE:|1|1|-1|-1

2021-10-14 22:02:08,114 INFO PERFORMANCE:|1|1|-1|-1

2021-10-14 22:07:08,127 INFO PERFORMANCE:|1|1|-1|-1

2021-10-14 22:12:08,141 INFO PERFORMANCE:|1|1|-1|-1

2021-10-14 22:17:08,149 INFO PERFORMANCE:|1|1|-1|-1

2021-10-14 22:22:08,154 INFO PERFORMANCE:|1|1|-1|-1

2021-10-14 22:27:08,168 INFO PERFORMANCE:|1|1|-1|-1

2021-10-14 22:32:08,176 INFO PERFORMANCE:|1|1|-1|-1

