2021-10-14 11:15:57,070 INFO GlobalConfig{taskDispatchPeriod=2000, batchSyncKeyCount=1000, syncRetryDelay=5000, dataWarmup=false, expireInstance=true, loadDataRetryDelayMillis=30000}

2021-10-14 11:15:57,778 INFO open empty service auto clean job, initialDelay : 50000 ms, period : 30000 ms

2021-10-14 11:15:57,779 INFO listen for service meta change

2021-10-14 11:16:02,061 INFO [NACOS-DISTRO] healthy server list changed, old: [192.168.31.26:8848], new: [192.168.31.26:8848]

2021-10-14 11:17:21,679 INFO creating empty service public:DEFAULT_GROUP@@order-service

2021-10-14 11:17:21,895 INFO [NEW-SERVICE] {"name":"DEFAULT_GROUP@@order-service","protectThreshold":0.0,"groupName":"DEFAULT_GROUP","metadata":{},"finalizeCount":0,"owners":[],"resetWeight":false,"enabled":true,"selector":{"type":"none"},"namespaceId":"public","ipDeleteTimeout":30000,"lastModifiedMillis":1634181441682,"checksum":"92fee69c2a9025ddfa62ec98587a5199","clusterMap":{},"empty":true}

2021-10-14 11:17:21,902 WARN cluster: DEFAULT not found, ip: {"instanceId":"192.168.31.26#8080#DEFAULT#DEFAULT_GROUP@@order-service","ip":"192.168.31.26","port":8080,"weight":1.0,"healthy":true,"enabled":true,"ephemeral":true,"clusterName":"DEFAULT","serviceName":"DEFAULT_GROUP@@order-service","metadata":{"preserved.register.source":"SPRING_CLOUD"},"lastBeat":1634181441673,"marked":false,"app":"unknown","instanceHeartBeatInterval":5000,"instanceHeartBeatTimeOut":15000,"ipDeleteTimeout":30000}, will create new cluster with default configuration.

2021-10-14 11:17:21,919 INFO [NACOS-RAFT] datum is changed, key: com.alibaba.nacos.naming.iplist.ephemeral.public##DEFAULT_GROUP@@order-service, value: {"instanceList":[{"instanceId":"192.168.31.26#8080#DEFAULT#DEFAULT_GROUP@@order-service","ip":"192.168.31.26","port":8080,"weight":1.0,"healthy":true,"enabled":true,"ephemeral":true,"clusterName":"DEFAULT","serviceName":"DEFAULT_GROUP@@order-service","metadata":{"preserved.register.source":"SPRING_CLOUD"},"lastBeat":1634181441673,"marked":false,"app":"unknown","instanceHeartBeatInterval":5000,"instanceHeartBeatTimeOut":15000,"ipDeleteTimeout":30000}]}

2021-10-14 11:17:26,921 INFO creating empty service public:DEFAULT_GROUP@@user-service

2021-10-14 11:17:26,921 INFO [NEW-SERVICE] {"name":"DEFAULT_GROUP@@user-service","protectThreshold":0.0,"groupName":"DEFAULT_GROUP","metadata":{},"finalizeCount":0,"owners":[],"resetWeight":false,"enabled":true,"selector":{"type":"none"},"namespaceId":"public","ipDeleteTimeout":30000,"lastModifiedMillis":1634181446921,"checksum":"09c170b3683511203520dbf5dfc1a330","clusterMap":{},"empty":true}

2021-10-14 11:17:26,922 WARN cluster: DEFAULT not found, ip: {"instanceId":"192.168.31.26#8081#DEFAULT#DEFAULT_GROUP@@user-service","ip":"192.168.31.26","port":8081,"weight":1.0,"healthy":true,"enabled":true,"ephemeral":true,"clusterName":"DEFAULT","serviceName":"DEFAULT_GROUP@@user-service","metadata":{"preserved.register.source":"SPRING_CLOUD"},"lastBeat":1634181446920,"marked":false,"app":"unknown","instanceHeartBeatInterval":5000,"instanceHeartBeatTimeOut":15000,"ipDeleteTimeout":30000}, will create new cluster with default configuration.

2021-10-14 11:17:26,922 INFO [NACOS-RAFT] datum is changed, key: com.alibaba.nacos.naming.iplist.ephemeral.public##DEFAULT_GROUP@@user-service, value: {"instanceList":[{"instanceId":"192.168.31.26#8081#DEFAULT#DEFAULT_GROUP@@user-service","ip":"192.168.31.26","port":8081,"weight":1.0,"healthy":true,"enabled":true,"ephemeral":true,"clusterName":"DEFAULT","serviceName":"DEFAULT_GROUP@@user-service","metadata":{"preserved.register.source":"SPRING_CLOUD"},"lastBeat":1634181446920,"marked":false,"app":"unknown","instanceHeartBeatInterval":5000,"instanceHeartBeatTimeOut":15000,"ipDeleteTimeout":30000}]}

2021-10-14 11:17:36,112 INFO [NACOS-RAFT] datum is changed, key: com.alibaba.nacos.naming.iplist.ephemeral.public##DEFAULT_GROUP@@user-service, value: {"instanceList":[{"instanceId":"192.168.31.26#8082#DEFAULT#DEFAULT_GROUP@@user-service","ip":"192.168.31.26","port":8082,"weight":1.0,"healthy":true,"enabled":true,"ephemeral":true,"clusterName":"DEFAULT","serviceName":"DEFAULT_GROUP@@user-service","metadata":{"preserved.register.source":"SPRING_CLOUD"},"lastBeat":1634181456112,"marked":false,"app":"unknown","instanceHeartBeatInterval":5000,"instanceHeartBeatTimeOut":15000,"ipDeleteTimeout":30000},{"instanceId":"192.168.31.26#8081#DEFAULT#DEFAULT_GROUP@@user-service","ip":"192.168.31.26","port":8081,"weight":1.0,"healthy":true,"enabled":true,"ephemeral":true,"clusterName":"DEFAULT","serviceName":"DEFAULT_GROUP@@user-service","metadata":{"preserved.register.source":"SPRING_CLOUD"},"lastBeat":1634181451929,"marked":false,"app":"unknown","instanceHeartBeatInterval":5000,"instanceHeartBeatTimeOut":15000,"ipDeleteTimeout":30000}]}

2021-10-14 11:25:02,446 INFO [NACOS-RAFT] datum is changed, key: com.alibaba.nacos.naming.iplist.ephemeral.public##DEFAULT_GROUP@@user-service, value: {"instanceList":[{"instanceId":"192.168.31.26#8081#DEFAULT#DEFAULT_GROUP@@user-service","ip":"192.168.31.26","port":8081,"weight":1.0,"healthy":true,"enabled":true,"ephemeral":true,"clusterName":"DEFAULT","serviceName":"DEFAULT_GROUP@@user-service","metadata":{"preserved.register.source":"SPRING_CLOUD"},"lastBeat":1634181897998,"marked":false,"app":"unknown","instanceHeartBeatInterval":5000,"instanceHeartBeatTimeOut":15000,"ipDeleteTimeout":30000}]}

2021-10-14 11:25:10,700 WARN cluster: HZ not found, ip: {"instanceId":"192.168.31.26#8081#HZ#DEFAULT_GROUP@@user-service","ip":"192.168.31.26","port":8081,"weight":1.0,"healthy":true,"enabled":true,"ephemeral":true,"clusterName":"HZ","serviceName":"DEFAULT_GROUP@@user-service","metadata":{"preserved.register.source":"SPRING_CLOUD"},"lastBeat":1634181910700,"marked":false,"app":"unknown","instanceHeartBeatInterval":5000,"instanceHeartBeatTimeOut":15000,"ipDeleteTimeout":30000}, will create new cluster with default configuration.

2021-10-14 11:25:10,700 INFO [NACOS-RAFT] datum is changed, key: com.alibaba.nacos.naming.iplist.ephemeral.public##DEFAULT_GROUP@@user-service, value: {"instanceList":[{"instanceId":"192.168.31.26#8081#HZ#DEFAULT_GROUP@@user-service","ip":"192.168.31.26","port":8081,"weight":1.0,"healthy":true,"enabled":true,"ephemeral":true,"clusterName":"HZ","serviceName":"DEFAULT_GROUP@@user-service","metadata":{"preserved.register.source":"SPRING_CLOUD"},"lastBeat":1634181910700,"marked":false,"app":"unknown","instanceHeartBeatInterval":5000,"instanceHeartBeatTimeOut":15000,"ipDeleteTimeout":30000},{"instanceId":"192.168.31.26#8081#DEFAULT#DEFAULT_GROUP@@user-service","ip":"192.168.31.26","port":8081,"weight":1.0,"healthy":true,"enabled":true,"ephemeral":true,"clusterName":"DEFAULT","serviceName":"DEFAULT_GROUP@@user-service","metadata":{"preserved.register.source":"SPRING_CLOUD"},"lastBeat":1634181897998,"marked":false,"app":"unknown","instanceHeartBeatInterval":5000,"instanceHeartBeatTimeOut":15000,"ipDeleteTimeout":30000}]}

2021-10-14 11:25:14,341 INFO [NACOS-RAFT] datum is changed, key: com.alibaba.nacos.naming.iplist.ephemeral.public##DEFAULT_GROUP@@order-service, value: {"instanceList":[]}

2021-10-14 11:25:29,832 INFO [NACOS-RAFT] datum is changed, key: com.alibaba.nacos.naming.iplist.ephemeral.public##DEFAULT_GROUP@@user-service, value: {"instanceList":[{"instanceId":"192.168.31.26#8081#DEFAULT#DEFAULT_GROUP@@user-service","ip":"192.168.31.26","port":8081,"weight":1.0,"healthy":false,"enabled":true,"ephemeral":true,"clusterName":"DEFAULT","serviceName":"DEFAULT_GROUP@@user-service","metadata":{"preserved.register.source":"SPRING_CLOUD"},"lastBeat":1634181897998,"marked":false,"app":"unknown","instanceHeartBeatInterval":5000,"instanceHeartBeatTimeOut":15000,"ipDeleteTimeout":30000}]}

2021-10-14 11:25:32,747 INFO [AUTO-DELETE-IP] service: DEFAULT_GROUP@@user-service, ip: {"instanceId":"192.168.31.26#8081#DEFAULT#DEFAULT_GROUP@@user-service","ip":"192.168.31.26","port":8081,"weight":1.0,"healthy":false,"enabled":true,"ephemeral":true,"clusterName":"DEFAULT","serviceName":"DEFAULT_GROUP@@user-service","metadata":{"preserved.register.source":"SPRING_CLOUD"},"lastBeat":1634181897998,"marked":false,"app":"unknown","instanceHeartBeatInterval":5000,"instanceHeartBeatTimeOut":15000,"ipDeleteTimeout":30000}

2021-10-14 11:25:32,940 INFO [NACOS-RAFT] datum is changed, key: com.alibaba.nacos.naming.iplist.ephemeral.public##DEFAULT_GROUP@@user-service, value: {"instanceList":[]}

2021-10-14 11:27:17,794 WARN namespace : public, [DEFAULT_GROUP@@order-service] services are automatically cleaned

2021-10-14 11:27:17,812 INFO [DEAD-SERVICE] {"name":"DEFAULT_GROUP@@order-service","protectThreshold":0.0,"groupName":"DEFAULT_GROUP","metadata":{},"finalizeCount":5,"owners":[],"resetWeight":false,"enabled":true,"selector":{"type":"none"},"namespaceId":"public","ipDeleteTimeout":30000,"lastModifiedMillis":1634181914341,"checksum":"65fe898578e28cd9e89028d4b8e142ce","clusterMap":{"DEFAULT":{"serviceName":"DEFAULT_GROUP@@order-service","name":"DEFAULT","healthChecker":{"type":"TCP"},"defaultPort":80,"defaultCheckPort":80,"useIPPort4Check":true,"metadata":{},"sitegroup":"","defCkport":80,"empty":true,"defIPPort":80}},"empty":true}

2021-10-14 11:27:47,781 WARN namespace : public, [DEFAULT_GROUP@@user-service] services are automatically cleaned

2021-10-14 11:27:47,782 INFO [DEAD-SERVICE] {"name":"DEFAULT_GROUP@@user-service","protectThreshold":0.0,"groupName":"DEFAULT_GROUP","metadata":{},"finalizeCount":5,"owners":[],"resetWeight":false,"enabled":true,"selector":{"type":"none"},"namespaceId":"public","ipDeleteTimeout":30000,"lastModifiedMillis":1634181932941,"checksum":"03f950ec4227c4ca7db8175cc8096e42","clusterMap":{"HZ":{"serviceName":"DEFAULT_GROUP@@user-service","name":"HZ","healthChecker":{"type":"TCP"},"defaultPort":80,"defaultCheckPort":80,"useIPPort4Check":true,"metadata":{},"sitegroup":"","defCkport":80,"empty":true,"defIPPort":80},"DEFAULT":{"serviceName":"DEFAULT_GROUP@@user-service","name":"DEFAULT","healthChecker":{"type":"TCP"},"defaultPort":80,"defaultCheckPort":80,"useIPPort4Check":true,"metadata":{},"sitegroup":"","defCkport":80,"empty":true,"defIPPort":80}},"empty":true}

2021-10-14 13:55:52,889 WARN [NamingServerHttpClientManager] Start destroying HTTP-Client

2021-10-14 13:55:52,900 WARN [NamingServerHttpClientManager] Destruction of the end

2021-10-14 13:55:58,921 ERROR [HEALTH-CHECK] error while processing NIO task

java.lang.InterruptedException: null
	at java.util.concurrent.locks.AbstractQueuedSynchronizer$ConditionObject.reportInterruptAfterWait(AbstractQueuedSynchronizer.java:2014)
	at java.util.concurrent.locks.AbstractQueuedSynchronizer$ConditionObject.awaitNanos(AbstractQueuedSynchronizer.java:2088)
	at java.util.concurrent.LinkedBlockingQueue.poll(LinkedBlockingQueue.java:467)
	at com.alibaba.nacos.naming.healthcheck.TcpSuperSenseProcessor.processTask(TcpSuperSenseProcessor.java:137)
	at com.alibaba.nacos.naming.healthcheck.TcpSuperSenseProcessor.run(TcpSuperSenseProcessor.java:154)
	at java.util.concurrent.Executors$RunnableAdapter.call(Executors.java:511)
	at java.util.concurrent.FutureTask.run(FutureTask.java:266)
	at java.util.concurrent.ScheduledThreadPoolExecutor$ScheduledFutureTask.access$201(ScheduledThreadPoolExecutor.java:180)
	at java.util.concurrent.ScheduledThreadPoolExecutor$ScheduledFutureTask.run(ScheduledThreadPoolExecutor.java:293)
	at java.util.concurrent.ThreadPoolExecutor.runWorker(ThreadPoolExecutor.java:1149)
	at java.util.concurrent.ThreadPoolExecutor$Worker.run(ThreadPoolExecutor.java:624)
	at java.lang.Thread.run(Thread.java:748)
2021-10-14 19:36:36,313 INFO GlobalConfig{taskDispatchPeriod=2000, batchSyncKeyCount=1000, syncRetryDelay=5000, dataWarmup=false, expireInstance=true, loadDataRetryDelayMillis=30000}

2021-10-14 19:36:37,329 INFO open empty service auto clean job, initialDelay : 50000 ms, period : 30000 ms

2021-10-14 19:36:37,333 INFO listen for service meta change

2021-10-14 19:36:41,295 INFO [NACOS-DISTRO] healthy server list changed, old: [192.168.31.26:8848], new: [192.168.31.26:8848]

2021-10-14 19:58:14,033 INFO creating empty service public:DEFAULT_GROUP@@user-service

2021-10-14 19:58:14,351 INFO [NEW-SERVICE] {"name":"DEFAULT_GROUP@@user-service","protectThreshold":0.0,"groupName":"DEFAULT_GROUP","metadata":{},"finalizeCount":0,"owners":[],"resetWeight":false,"enabled":true,"selector":{"type":"none"},"namespaceId":"public","ipDeleteTimeout":30000,"lastModifiedMillis":1634212694034,"checksum":"09c170b3683511203520dbf5dfc1a330","clusterMap":{},"empty":true}

2021-10-14 19:58:14,357 WARN cluster: DEFAULT not found, ip: {"instanceId":"192.168.31.26#8081#DEFAULT#DEFAULT_GROUP@@user-service","ip":"192.168.31.26","port":8081,"weight":1.0,"healthy":true,"enabled":true,"ephemeral":true,"clusterName":"DEFAULT","serviceName":"DEFAULT_GROUP@@user-service","metadata":{"preserved.register.source":"SPRING_CLOUD"},"lastBeat":1634212694005,"marked":false,"app":"unknown","instanceHeartBeatInterval":5000,"instanceHeartBeatTimeOut":15000,"ipDeleteTimeout":30000}, will create new cluster with default configuration.

2021-10-14 19:58:14,375 INFO [NACOS-RAFT] datum is changed, key: com.alibaba.nacos.naming.iplist.ephemeral.public##DEFAULT_GROUP@@user-service, value: {"instanceList":[{"instanceId":"192.168.31.26#8081#DEFAULT#DEFAULT_GROUP@@user-service","ip":"192.168.31.26","port":8081,"weight":1.0,"healthy":true,"enabled":true,"ephemeral":true,"clusterName":"DEFAULT","serviceName":"DEFAULT_GROUP@@user-service","metadata":{"preserved.register.source":"SPRING_CLOUD"},"lastBeat":1634212694005,"marked":false,"app":"unknown","instanceHeartBeatInterval":5000,"instanceHeartBeatTimeOut":15000,"ipDeleteTimeout":30000}]}

2021-10-14 22:34:36,829 WARN [NamingServerHttpClientManager] Start destroying HTTP-Client

2021-10-14 22:34:36,834 WARN [NamingServerHttpClientManager] Destruction of the end

2021-10-14 22:34:38,812 WARN Exception while processing client beat time out.

org.springframework.beans.factory.BeanCreationException: Error creating bean with name 'serverMemberManager' defined in URL [jar:file:/D:/Study/GradeFour/CollegeFourLeaningNotes/WebDev/Projects/cloud-demo/resource/nacos-server-1.4.1/nacos/target/nacos-server.jar!/BOOT-INF/lib/nacos-core-1.4.1.jar!/com/alibaba/nacos/core/cluster/ServerMemberManager.class]: Unexpected exception during bean creation; nested exception is org.springframework.beans.factory.NoSuchBeanDefinitionException: No qualifying bean of type 'javax.servlet.ServletContext' available: expected at least 1 bean which qualifies as autowire candidate. Dependency annotations: {}
	at org.springframework.beans.factory.support.AbstractAutowireCapableBeanFactory.createBean(AbstractAutowireCapableBeanFactory.java:527)
	at org.springframework.beans.factory.support.AbstractBeanFactory.lambda$doGetBean$0(AbstractBeanFactory.java:321)
	at org.springframework.beans.factory.support.DefaultSingletonBeanRegistry.getSingleton(DefaultSingletonBeanRegistry.java:234)
	at org.springframework.beans.factory.support.AbstractBeanFactory.doGetBean(AbstractBeanFactory.java:319)
	at org.springframework.beans.factory.support.AbstractBeanFactory.getBean(AbstractBeanFactory.java:199)
	at org.springframework.beans.factory.config.DependencyDescriptor.resolveCandidate(DependencyDescriptor.java:277)
	at org.springframework.beans.factory.support.DefaultListableBeanFactory.doResolveDependency(DefaultListableBeanFactory.java:1276)
	at org.springframework.beans.factory.support.DefaultListableBeanFactory.resolveDependency(DefaultListableBeanFactory.java:1196)
	at org.springframework.beans.factory.support.ConstructorResolver.resolveAutowiredArgument(ConstructorResolver.java:857)
	at org.springframework.beans.factory.support.ConstructorResolver.resolvePreparedArguments(ConstructorResolver.java:804)
	at org.springframework.beans.factory.support.ConstructorResolver.autowireConstructor(ConstructorResolver.java:143)
	at org.springframework.beans.factory.support.AbstractAutowireCapableBeanFactory.autowireConstructor(AbstractAutowireCapableBeanFactory.java:1338)
	at org.springframework.beans.factory.support.AbstractAutowireCapableBeanFactory.createBeanInstance(AbstractAutowireCapableBeanFactory.java:1174)
	at org.springframework.beans.factory.support.AbstractAutowireCapableBeanFactory.doCreateBean(AbstractAutowireCapableBeanFactory.java:554)
	at org.springframework.beans.factory.support.AbstractAutowireCapableBeanFactory.createBean(AbstractAutowireCapableBeanFactory.java:514)
	at org.springframework.beans.factory.support.AbstractBeanFactory.lambda$doGetBean$0(AbstractBeanFactory.java:321)
	at org.springframework.beans.factory.support.DefaultSingletonBeanRegistry.getSingleton(DefaultSingletonBeanRegistry.java:234)
	at org.springframework.beans.factory.support.AbstractBeanFactory.doGetBean(AbstractBeanFactory.java:319)
	at org.springframework.beans.factory.support.AbstractBeanFactory.getBean(AbstractBeanFactory.java:224)
	at org.springframework.beans.factory.support.DefaultListableBeanFactory.resolveNamedBean(DefaultListableBeanFactory.java:1144)
	at org.springframework.beans.factory.support.DefaultListableBeanFactory.resolveBean(DefaultListableBeanFactory.java:419)
	at org.springframework.beans.factory.support.DefaultListableBeanFactory.getBean(DefaultListableBeanFactory.java:348)
	at org.springframework.beans.factory.support.DefaultListableBeanFactory.getBean(DefaultListableBeanFactory.java:341)
	at org.springframework.context.support.AbstractApplicationContext.getBean(AbstractApplicationContext.java:1124)
	at com.alibaba.nacos.sys.utils.ApplicationUtils.getBean(ApplicationUtils.java:140)
	at com.alibaba.nacos.naming.healthcheck.ClientBeatCheckTask.getDistroMapper(ClientBeatCheckTask.java:61)
	at com.alibaba.nacos.naming.healthcheck.ClientBeatCheckTask.run(ClientBeatCheckTask.java:79)
	at java.util.concurrent.Executors$RunnableAdapter.call(Executors.java:511)
	at java.util.concurrent.FutureTask.runAndReset(FutureTask.java:308)
	at java.util.concurrent.ScheduledThreadPoolExecutor$ScheduledFutureTask.access$301(ScheduledThreadPoolExecutor.java:180)
	at java.util.concurrent.ScheduledThreadPoolExecutor$ScheduledFutureTask.run(ScheduledThreadPoolExecutor.java:294)
	at java.util.concurrent.ThreadPoolExecutor.runWorker(ThreadPoolExecutor.java:1149)
	at java.util.concurrent.ThreadPoolExecutor$Worker.run(ThreadPoolExecutor.java:624)
	at java.lang.Thread.run(Thread.java:748)
Caused by: org.springframework.beans.factory.NoSuchBeanDefinitionException: No qualifying bean of type 'javax.servlet.ServletContext' available: expected at least 1 bean which qualifies as autowire candidate. Dependency annotations: {}
	at org.springframework.beans.factory.support.DefaultListableBeanFactory.raiseNoMatchingBeanFound(DefaultListableBeanFactory.java:1685)
	at org.springframework.beans.factory.support.DefaultListableBeanFactory.doResolveDependency(DefaultListableBeanFactory.java:1242)
	at org.springframework.beans.factory.support.DefaultListableBeanFactory.resolveDependency(DefaultListableBeanFactory.java:1196)
	at org.springframework.beans.factory.support.ConstructorResolver.resolveAutowiredArgument(ConstructorResolver.java:857)
	at org.springframework.beans.factory.support.ConstructorResolver.resolvePreparedArguments(ConstructorResolver.java:804)
	at org.springframework.beans.factory.support.ConstructorResolver.autowireConstructor(ConstructorResolver.java:143)
	at org.springframework.beans.factory.support.AbstractAutowireCapableBeanFactory.autowireConstructor(AbstractAutowireCapableBeanFactory.java:1338)
	at org.springframework.beans.factory.support.AbstractAutowireCapableBeanFactory.createBeanInstance(AbstractAutowireCapableBeanFactory.java:1174)
	at org.springframework.beans.factory.support.AbstractAutowireCapableBeanFactory.doCreateBean(AbstractAutowireCapableBeanFactory.java:554)
	at org.springframework.beans.factory.support.AbstractAutowireCapableBeanFactory.createBean(AbstractAutowireCapableBeanFactory.java:514)
	... 33 common frames omitted
2021-10-14 22:34:43,819 WARN Exception while processing client beat time out.

java.lang.IllegalStateException: org.springframework.boot.web.servlet.context.AnnotationConfigServletWebServerApplicationContext@7d417077 has been closed already
	at org.springframework.context.support.AbstractApplicationContext.assertBeanFactoryActive(AbstractApplicationContext.java:1090)
	at org.springframework.context.support.AbstractApplicationContext.getBean(AbstractApplicationContext.java:1123)
	at com.alibaba.nacos.sys.utils.ApplicationUtils.getBean(ApplicationUtils.java:140)
	at com.alibaba.nacos.naming.healthcheck.ClientBeatCheckTask.getDistroMapper(ClientBeatCheckTask.java:61)
	at com.alibaba.nacos.naming.healthcheck.ClientBeatCheckTask.run(ClientBeatCheckTask.java:79)
	at java.util.concurrent.Executors$RunnableAdapter.call(Executors.java:511)
	at java.util.concurrent.FutureTask.runAndReset(FutureTask.java:308)
	at java.util.concurrent.ScheduledThreadPoolExecutor$ScheduledFutureTask.access$301(ScheduledThreadPoolExecutor.java:180)
	at java.util.concurrent.ScheduledThreadPoolExecutor$ScheduledFutureTask.run(ScheduledThreadPoolExecutor.java:294)
	at java.util.concurrent.ThreadPoolExecutor.runWorker(ThreadPoolExecutor.java:1149)
	at java.util.concurrent.ThreadPoolExecutor$Worker.run(ThreadPoolExecutor.java:624)
	at java.lang.Thread.run(Thread.java:748)
2021-10-14 22:34:47,367 ERROR [HEALTH-CHECK] error while processing NIO task

java.lang.InterruptedException: null
	at java.util.concurrent.locks.AbstractQueuedSynchronizer$ConditionObject.reportInterruptAfterWait(AbstractQueuedSynchronizer.java:2014)
	at java.util.concurrent.locks.AbstractQueuedSynchronizer$ConditionObject.awaitNanos(AbstractQueuedSynchronizer.java:2088)
	at java.util.concurrent.LinkedBlockingQueue.poll(LinkedBlockingQueue.java:467)
	at com.alibaba.nacos.naming.healthcheck.TcpSuperSenseProcessor.processTask(TcpSuperSenseProcessor.java:137)
	at com.alibaba.nacos.naming.healthcheck.TcpSuperSenseProcessor.run(TcpSuperSenseProcessor.java:154)
	at java.util.concurrent.Executors$RunnableAdapter.call(Executors.java:511)
	at java.util.concurrent.FutureTask.run(FutureTask.java:266)
	at java.util.concurrent.ScheduledThreadPoolExecutor$ScheduledFutureTask.access$201(ScheduledThreadPoolExecutor.java:180)
	at java.util.concurrent.ScheduledThreadPoolExecutor$ScheduledFutureTask.run(ScheduledThreadPoolExecutor.java:293)
	at java.util.concurrent.ThreadPoolExecutor.runWorker(ThreadPoolExecutor.java:1149)
	at java.util.concurrent.ThreadPoolExecutor$Worker.run(ThreadPoolExecutor.java:624)
	at java.lang.Thread.run(Thread.java:748)
2021-10-14 22:34:48,820 WARN Exception while processing client beat time out.

java.lang.IllegalStateException: org.springframework.boot.web.servlet.context.AnnotationConfigServletWebServerApplicationContext@7d417077 has been closed already
	at org.springframework.context.support.AbstractApplicationContext.assertBeanFactoryActive(AbstractApplicationContext.java:1090)
	at org.springframework.context.support.AbstractApplicationContext.getBean(AbstractApplicationContext.java:1123)
	at com.alibaba.nacos.sys.utils.ApplicationUtils.getBean(ApplicationUtils.java:140)
	at com.alibaba.nacos.naming.healthcheck.ClientBeatCheckTask.getDistroMapper(ClientBeatCheckTask.java:61)
	at com.alibaba.nacos.naming.healthcheck.ClientBeatCheckTask.run(ClientBeatCheckTask.java:79)
	at java.util.concurrent.Executors$RunnableAdapter.call(Executors.java:511)
	at java.util.concurrent.FutureTask.runAndReset(FutureTask.java:308)
	at java.util.concurrent.ScheduledThreadPoolExecutor$ScheduledFutureTask.access$301(ScheduledThreadPoolExecutor.java:180)
	at java.util.concurrent.ScheduledThreadPoolExecutor$ScheduledFutureTask.run(ScheduledThreadPoolExecutor.java:294)
	at java.util.concurrent.ThreadPoolExecutor.runWorker(ThreadPoolExecutor.java:1149)
	at java.util.concurrent.ThreadPoolExecutor$Worker.run(ThreadPoolExecutor.java:624)
	at java.lang.Thread.run(Thread.java:748)
